<?xml version="1.0" encoding="UTF-8"?>
<!-- Generated by org.testng.reporters.JUnitReportReporter -->
<testsuite skipped="0" hostname="Hari-PC" name="NALA3.CapsuleCRM.ExcelData" tests="1" failures="0" timestamp="27 May 2019 16:19:05 GMT" time="1.343" errors="0">
  <testcase name="getData" time="1.343" classname="NALA3.CapsuleCRM.ExcelData"/>
</testsuite> <!-- NALA3.CapsuleCRM.ExcelData -->
