<?xml version="1.0" encoding="UTF-8"?>
<!-- Generated by org.testng.reporters.JUnitReportReporter -->
<testsuite skipped="0" hostname="Hari-PC" name="NALA3.CapsuleCRM.TestCase1" tests="2" failures="0" timestamp="01 Jun 2019 15:10:47 GMT" time="22.661" errors="0">
  <testcase name="AddPeople" time="11.156" classname="NALA3.CapsuleCRM.TestCase1"/>
  <testcase name="AddCase" time="11.505" classname="NALA3.CapsuleCRM.TestCase1"/>
</testsuite> <!-- NALA3.CapsuleCRM.TestCase1 -->
